Traceback (most recent call last):
  File "/opt/hostedtoolcache/Python/3.11.15/x64/lib/python3.11/site-packages/jupyter_cache/executors/utils.py", line 58, in single_nb_execution
    executenb(
  File "/opt/hostedtoolcache/Python/3.11.15/x64/lib/python3.11/site-packages/nbclient/client.py", line 1323, in execute
    return NotebookClient(nb=nb, resources=resources, km=km, **kwargs).execute()
           ^^^^^^^^^^^^^^^^^^^^^^^^^^^^^^^^^^^^^^^^^^^^^^^^^^^^^^^^^^^^^^^^^^^^^
  File "/opt/hostedtoolcache/Python/3.11.15/x64/lib/python3.11/site-packages/jupyter_core/utils/__init__.py", line 165, in wrapped
    return loop.run_until_complete(inner)
           ^^^^^^^^^^^^^^^^^^^^^^^^^^^^^^
  File "/opt/hostedtoolcache/Python/3.11.15/x64/lib/python3.11/asyncio/base_events.py", line 654, in run_until_complete
    return future.result()
           ^^^^^^^^^^^^^^^
  File "/opt/hostedtoolcache/Python/3.11.15/x64/lib/python3.11/site-packages/nbclient/client.py", line 709, in async_execute
    await self.async_execute_cell(
  File "/opt/hostedtoolcache/Python/3.11.15/x64/lib/python3.11/site-packages/nbclient/client.py", line 1062, in async_execute_cell
    await self._check_raise_for_error(cell, cell_index, exec_reply)
  File "/opt/hostedtoolcache/Python/3.11.15/x64/lib/python3.11/site-packages/nbclient/client.py", line 918, in _check_raise_for_error
    raise CellExecutionError.from_cell_and_msg(cell, exec_reply_content)
nbclient.exceptions.CellExecutionError: An error occurred while executing the following cell:
------------------
# We can define a function to smooth the slope and apply it

def moving_avg(x, n):
    cumsum = np.cumsum(np.insert(x, 0, 0)) 
    return (cumsum[n:] - cumsum[:-n]) / float(n)

n=15
smootherslope = moving_avg(dzdx,n)

smootherz = moving_avg(z_mid,n)
smootherx = moving_avg(x_mid,n)
dzdx_smooth = np.diff(smootherz)/np.diff(smootherx)

x_midsmooth = 0.5*(smootherx[:-1]+smootherx[1:])
z_midsmooth = 0.5*(smootherz[:-1]+smootherz[1:])

print(test)
------------------


[31m---------------------------------------------------------------------------[39m
[31mNameError[39m                                 Traceback (most recent call last)
[36mCell[39m[36m [39m[32mIn[11][39m[32m, line 17[39m
[32m     14[39m x_midsmooth = [32m0.5[39m*(smootherx[:-[32m1[39m]+smootherx[[32m1[39m:])
[32m     15[39m z_midsmooth = [32m0.5[39m*(smootherz[:-[32m1[39m]+smootherz[[32m1[39m:])
[32m---> [39m[32m17[39m [38;5;28mprint[39m([43mtest[49m)

[31mNameError[39m: name 'test' is not defined

